0 info it worked if it ends with ok
1 verbose cli [ '/usr/bin/node', '/usr/bin/npm', 'install', 'lwip' ]
2 info using npm@3.9.2
3 info using node@v6.2.0
4 silly loadCurrentTree Starting
5 silly install loadCurrentTree
6 silly install readLocalPackageData
7 silly fetchPackageMetaData lwip@^0.0.8
8 silly fetchNamedPackageData lwip
9 silly mapToRegistry name lwip
10 silly mapToRegistry using default registry
11 silly mapToRegistry registry https://registry.npmjs.org/
12 silly mapToRegistry data Result {
12 silly mapToRegistry   raw: 'lwip',
12 silly mapToRegistry   scope: null,
12 silly mapToRegistry   name: 'lwip',
12 silly mapToRegistry   rawSpec: '',
12 silly mapToRegistry   spec: 'latest',
12 silly mapToRegistry   type: 'tag' }
13 silly mapToRegistry uri https://registry.npmjs.org/lwip
14 verbose request uri https://registry.npmjs.org/lwip
15 verbose request no auth needed
16 info attempt registry request try #1 at 4:59:31 PM
17 verbose request id 399ef4a912818de7
18 verbose etag "9YV7XFLWXWTWBGEI8RBQAC7LK"
19 http request GET https://registry.npmjs.org/lwip
20 http 304 https://registry.npmjs.org/lwip
21 verbose headers { date: 'Tue, 24 May 2016 23:59:31 GMT',
21 verbose headers   via: '1.1 varnish',
21 verbose headers   'cache-control': 'max-age=300',
21 verbose headers   etag: '"9YV7XFLWXWTWBGEI8RBQAC7LK"',
21 verbose headers   age: '0',
21 verbose headers   connection: 'keep-alive',
21 verbose headers   'x-served-by': 'cache-lax1434-LAX',
21 verbose headers   'x-cache': 'HIT',
21 verbose headers   'x-cache-hits': '1',
21 verbose headers   'x-timer': 'S1464134371.263107,VS0,VE83',
21 verbose headers   vary: 'Accept-Encoding' }
22 silly get cb [ 304,
22 silly get   { date: 'Tue, 24 May 2016 23:59:31 GMT',
22 silly get     via: '1.1 varnish',
22 silly get     'cache-control': 'max-age=300',
22 silly get     etag: '"9YV7XFLWXWTWBGEI8RBQAC7LK"',
22 silly get     age: '0',
22 silly get     connection: 'keep-alive',
22 silly get     'x-served-by': 'cache-lax1434-LAX',
22 silly get     'x-cache': 'HIT',
22 silly get     'x-cache-hits': '1',
22 silly get     'x-timer': 'S1464134371.263107,VS0,VE83',
22 silly get     vary: 'Accept-Encoding' } ]
23 verbose etag https://registry.npmjs.org/lwip from cache
24 verbose get saving lwip to /home/voidpigeon/.npm/registry.npmjs.org/lwip/.cache.json
25 verbose correctMkdir /home/voidpigeon/.npm correctMkdir not in flight; initializing
26 silly install normalizeTree
27 silly loadCurrentTree Finishing
28 silly loadIdealTree Starting
29 silly install loadIdealTree
30 silly cloneCurrentTree Starting
31 silly install cloneCurrentTreeToIdealTree
32 silly cloneCurrentTree Finishing
33 silly loadShrinkwrap Starting
34 silly install loadShrinkwrap
35 silly loadShrinkwrap Finishing
36 silly loadAllDepsIntoIdealTree Starting
37 silly install loadAllDepsIntoIdealTree
38 silly resolveWithNewModule lwip@0.0.8 checking installable status
39 silly cache add args [ 'lwip@^0.0.8', null ]
40 verbose cache add spec lwip@^0.0.8
41 silly cache add parsed spec Result {
41 silly cache add   raw: 'lwip@^0.0.8',
41 silly cache add   scope: null,
41 silly cache add   name: 'lwip',
41 silly cache add   rawSpec: '^0.0.8',
41 silly cache add   spec: '>=0.0.8 <0.0.9',
41 silly cache add   type: 'range' }
42 silly addNamed lwip@>=0.0.8 <0.0.9
43 verbose addNamed ">=0.0.8 <0.0.9" is a valid semver range for lwip
44 silly addNameRange { name: 'lwip', range: '>=0.0.8 <0.0.9', hasData: false }
45 silly mapToRegistry name lwip
46 silly mapToRegistry using default registry
47 silly mapToRegistry registry https://registry.npmjs.org/
48 silly mapToRegistry data Result {
48 silly mapToRegistry   raw: 'lwip',
48 silly mapToRegistry   scope: null,
48 silly mapToRegistry   name: 'lwip',
48 silly mapToRegistry   rawSpec: '',
48 silly mapToRegistry   spec: 'latest',
48 silly mapToRegistry   type: 'tag' }
49 silly mapToRegistry uri https://registry.npmjs.org/lwip
50 verbose addNameRange registry:https://registry.npmjs.org/lwip not in flight; fetching
51 verbose get https://registry.npmjs.org/lwip not expired, no request
52 silly addNameRange number 2 { name: 'lwip', range: '>=0.0.8 <0.0.9', hasData: true }
53 silly addNameRange versions [ 'lwip',
53 silly addNameRange   [ '0.0.1',
53 silly addNameRange     '0.0.2',
53 silly addNameRange     '0.0.3',
53 silly addNameRange     '0.0.4',
53 silly addNameRange     '0.0.5',
53 silly addNameRange     '0.0.6',
53 silly addNameRange     '0.0.7',
53 silly addNameRange     '0.0.8',
53 silly addNameRange     '0.0.9' ] ]
54 silly addNamed lwip@0.0.8
55 verbose addNamed "0.0.8" is a plain semver version for lwip
56 silly cache afterAdd lwip@0.0.8
57 verbose afterAdd /home/voidpigeon/.npm/lwip/0.0.8/package/package.json not in flight; writing
58 verbose correctMkdir /home/voidpigeon/.npm correctMkdir not in flight; initializing
59 verbose afterAdd /home/voidpigeon/.npm/lwip/0.0.8/package/package.json written
60 silly fetchNamedPackageData nan
61 silly mapToRegistry name nan
62 silly mapToRegistry using default registry
63 silly mapToRegistry registry https://registry.npmjs.org/
64 silly mapToRegistry data Result {
64 silly mapToRegistry   raw: 'nan',
64 silly mapToRegistry   scope: null,
64 silly mapToRegistry   name: 'nan',
64 silly mapToRegistry   rawSpec: '',
64 silly mapToRegistry   spec: 'latest',
64 silly mapToRegistry   type: 'tag' }
65 silly mapToRegistry uri https://registry.npmjs.org/nan
66 verbose request uri https://registry.npmjs.org/nan
67 verbose request no auth needed
68 info attempt registry request try #1 at 4:59:31 PM
69 verbose etag "24B26O57Z0ASCDVIYEYKA8KVW"
70 http request GET https://registry.npmjs.org/nan
71 http 200 https://registry.npmjs.org/nan
72 verbose headers { server: 'CouchDB/1.5.0 (Erlang OTP/R16B03)',
72 verbose headers   etag: '"DKC1YJIJGP1AZK26YNWQ05M27"',
72 verbose headers   'content-type': 'application/json',
72 verbose headers   'content-encoding': 'gzip',
72 verbose headers   'cache-control': 'max-age=300',
72 verbose headers   'content-length': '16617',
72 verbose headers   'accept-ranges': 'bytes',
72 verbose headers   date: 'Tue, 24 May 2016 23:59:31 GMT',
72 verbose headers   via: '1.1 varnish',
72 verbose headers   age: '252',
72 verbose headers   connection: 'keep-alive',
72 verbose headers   'x-served-by': 'cache-lax1434-LAX',
72 verbose headers   'x-cache': 'HIT',
72 verbose headers   'x-cache-hits': '13',
72 verbose headers   'x-timer': 'S1464134371.698437,VS0,VE0',
72 verbose headers   vary: 'Accept-Encoding' }
73 silly get cb [ 200,
73 silly get   { server: 'CouchDB/1.5.0 (Erlang OTP/R16B03)',
73 silly get     etag: '"DKC1YJIJGP1AZK26YNWQ05M27"',
73 silly get     'content-type': 'application/json',
73 silly get     'content-encoding': 'gzip',
73 silly get     'cache-control': 'max-age=300',
73 silly get     'content-length': '16617',
73 silly get     'accept-ranges': 'bytes',
73 silly get     date: 'Tue, 24 May 2016 23:59:31 GMT',
73 silly get     via: '1.1 varnish',
73 silly get     age: '252',
73 silly get     connection: 'keep-alive',
73 silly get     'x-served-by': 'cache-lax1434-LAX',
73 silly get     'x-cache': 'HIT',
73 silly get     'x-cache-hits': '13',
73 silly get     'x-timer': 'S1464134371.698437,VS0,VE0',
73 silly get     vary: 'Accept-Encoding' } ]
74 verbose get saving nan to /home/voidpigeon/.npm/registry.npmjs.org/nan/.cache.json
75 verbose correctMkdir /home/voidpigeon/.npm correctMkdir not in flight; initializing
76 silly resolveWithNewModule nan@2.0.9 checking installable status
77 silly cache add args [ 'nan@~2.0.9', null ]
78 verbose cache add spec nan@~2.0.9
79 silly cache add parsed spec Result {
79 silly cache add   raw: 'nan@~2.0.9',
79 silly cache add   scope: null,
79 silly cache add   name: 'nan',
79 silly cache add   rawSpec: '~2.0.9',
79 silly cache add   spec: '>=2.0.9 <2.1.0',
79 silly cache add   type: 'range' }
80 silly addNamed nan@>=2.0.9 <2.1.0
81 verbose addNamed ">=2.0.9 <2.1.0" is a valid semver range for nan
82 silly addNameRange { name: 'nan', range: '>=2.0.9 <2.1.0', hasData: false }
83 silly mapToRegistry name nan
84 silly mapToRegistry using default registry
85 silly mapToRegistry registry https://registry.npmjs.org/
86 silly mapToRegistry data Result {
86 silly mapToRegistry   raw: 'nan',
86 silly mapToRegistry   scope: null,
86 silly mapToRegistry   name: 'nan',
86 silly mapToRegistry   rawSpec: '',
86 silly mapToRegistry   spec: 'latest',
86 silly mapToRegistry   type: 'tag' }
87 silly mapToRegistry uri https://registry.npmjs.org/nan
88 verbose addNameRange registry:https://registry.npmjs.org/nan not in flight; fetching
89 verbose get https://registry.npmjs.org/nan not expired, no request
90 silly addNameRange number 2 { name: 'nan', range: '>=2.0.9 <2.1.0', hasData: true }
91 silly addNameRange versions [ 'nan',
91 silly addNameRange   [ '0.3.0-wip',
91 silly addNameRange     '0.3.0-wip2',
91 silly addNameRange     '0.3.0',
91 silly addNameRange     '0.3.1',
91 silly addNameRange     '0.3.2',
91 silly addNameRange     '0.4.0',
91 silly addNameRange     '0.4.1',
91 silly addNameRange     '0.4.2',
91 silly addNameRange     '0.4.3',
91 silly addNameRange     '0.4.4',
91 silly addNameRange     '0.5.0',
91 silly addNameRange     '0.5.1',
91 silly addNameRange     '0.5.2',
91 silly addNameRange     '0.6.0',
91 silly addNameRange     '0.7.0',
91 silly addNameRange     '0.7.1',
91 silly addNameRange     '0.8.0',
91 silly addNameRange     '1.0.0',
91 silly addNameRange     '1.1.0',
91 silly addNameRange     '1.1.1',
91 silly addNameRange     '1.1.2',
91 silly addNameRange     '1.2.0',
91 silly addNameRange     '1.3.0',
91 silly addNameRange     '1.4.0',
91 silly addNameRange     '1.4.1',
91 silly addNameRange     '1.5.0',
91 silly addNameRange     '1.4.2',
91 silly addNameRange     '1.4.3',
91 silly addNameRange     '1.5.1',
91 silly addNameRange     '1.5.2',
91 silly addNameRange     '1.6.0',
91 silly addNameRange     '1.5.3',
91 silly addNameRange     '1.6.1',
91 silly addNameRange     '1.6.2',
91 silly addNameRange     '1.7.0',
91 silly addNameRange     '1.8.0',
91 silly addNameRange     '1.8.1',
91 silly addNameRange     '1.8.2',
91 silly addNameRange     '1.8.3',
91 silly addNameRange     '1.8.4',
91 silly addNameRange     '1.9.0',
91 silly addNameRange     '2.0.0',
91 silly addNameRange     '2.0.1',
91 silly addNameRange     '2.0.2',
91 silly addNameRange     '2.0.3',
91 silly addNameRange     '2.0.4',
91 silly addNameRange     '2.0.5',
91 silly addNameRange     '2.0.6',
91 silly addNameRange     '2.0.7',
91 silly addNameRange     '2.0.8',
91 silly addNameRange     '2.0.9',
91 silly addNameRange     '2.1.0',
91 silly addNameRange     '2.2.0',
91 silly addNameRange     '2.2.1',
91 silly addNameRange     '2.3.0',
91 silly addNameRange     '2.3.1',
91 silly addNameRange     '2.3.2',
91 silly addNameRange     '2.3.3' ] ]
92 silly addNamed nan@2.0.9
93 verbose addNamed "2.0.9" is a plain semver version for nan
94 silly cache afterAdd nan@2.0.9
95 verbose afterAdd /home/voidpigeon/.npm/nan/2.0.9/package/package.json not in flight; writing
96 verbose correctMkdir /home/voidpigeon/.npm correctMkdir not in flight; initializing
97 verbose afterAdd /home/voidpigeon/.npm/nan/2.0.9/package/package.json written
98 silly loadAllDepsIntoIdealTree Finishing
99 silly idealTree:prePrune MorTeam@1.0.0-beta.4
99 silly idealTree:prePrune ├── accepts@1.2.13
99 silly idealTree:prePrune ├── addressparser@0.3.2
99 silly idealTree:prePrune ├── after@0.8.1
99 silly idealTree:prePrune ├── append-field@0.1.0
99 silly idealTree:prePrune ├── array-flatten@1.1.1
99 silly idealTree:prePrune ├── arraybuffer.slice@0.0.6
99 silly idealTree:prePrune ├── async@0.9.2
99 silly idealTree:prePrune ├── autolinker@0.22.0
99 silly idealTree:prePrune ├── aws-sdk@2.3.15
99 silly idealTree:prePrune ├── backo2@1.0.2
99 silly idealTree:prePrune ├── base64-arraybuffer@0.1.2
99 silly idealTree:prePrune ├── base64-url@1.2.1
99 silly idealTree:prePrune ├── base64id@0.1.0
99 silly idealTree:prePrune ├── bcrypt@0.8.6
99 silly idealTree:prePrune ├── benchmark@1.0.0
99 silly idealTree:prePrune ├── better-assert@1.0.2
99 silly idealTree:prePrune ├── bindings@1.2.1
99 silly idealTree:prePrune ├── blob@0.0.4
99 silly idealTree:prePrune ├── bluebird@3.4.0
99 silly idealTree:prePrune ├── body-parser@1.15.1
99 silly idealTree:prePrune ├── bson@0.4.23
99 silly idealTree:prePrune ├─┬ buildmail@2.0.0
99 silly idealTree:prePrune │ └── needle@0.10.0
99 silly idealTree:prePrune ├─┬ busboy@0.2.13
99 silly idealTree:prePrune │ └── readable-stream@1.1.14
99 silly idealTree:prePrune ├── bytes@2.3.0
99 silly idealTree:prePrune ├── callsite@1.0.0
99 silly idealTree:prePrune ├── clone@1.0.2
99 silly idealTree:prePrune ├── component-bind@1.0.0
99 silly idealTree:prePrune ├── component-emitter@1.1.2
99 silly idealTree:prePrune ├── component-inherit@0.0.3
99 silly idealTree:prePrune ├─┬ concat-stream@1.5.1
99 silly idealTree:prePrune │ ├── isarray@1.0.0
99 silly idealTree:prePrune │ └── readable-stream@2.0.6
99 silly idealTree:prePrune ├── connect-mongo@0.8.2
99 silly idealTree:prePrune ├── content-disposition@0.5.1
99 silly idealTree:prePrune ├── content-type@1.0.2
99 silly idealTree:prePrune ├── cookie-signature@1.0.6
99 silly idealTree:prePrune ├── cookie@0.1.5
99 silly idealTree:prePrune ├── core-util-is@1.0.2
99 silly idealTree:prePrune ├── crc@3.4.0
99 silly idealTree:prePrune ├── debug@2.2.0
99 silly idealTree:prePrune ├── decree@0.0.6
99 silly idealTree:prePrune ├── depd@1.1.0
99 silly idealTree:prePrune ├── destroy@1.0.4
99 silly idealTree:prePrune ├─┬ dicer@0.2.5
99 silly idealTree:prePrune │ └── readable-stream@1.1.14
99 silly idealTree:prePrune ├── ee-first@1.1.1
99 silly idealTree:prePrune ├── ejs@2.4.2
99 silly idealTree:prePrune ├── engine.io-client@1.6.9
99 silly idealTree:prePrune ├─┬ engine.io-parser@1.2.4
99 silly idealTree:prePrune │ └── has-binary@0.1.6
99 silly idealTree:prePrune ├─┬ engine.io@1.6.9
99 silly idealTree:prePrune │ ├── accepts@1.1.4
99 silly idealTree:prePrune │ ├── mime-db@1.12.0
99 silly idealTree:prePrune │ ├── mime-types@2.0.14
99 silly idealTree:prePrune │ └── negotiator@0.4.9
99 silly idealTree:prePrune ├── es6-promise@2.1.1
99 silly idealTree:prePrune ├── escape-html@1.0.3
99 silly idealTree:prePrune ├── etag@1.7.0
99 silly idealTree:prePrune ├─┬ express-session@1.13.0
99 silly idealTree:prePrune │ └── cookie@0.2.3
99 silly idealTree:prePrune ├─┬ express@4.13.4
99 silly idealTree:prePrune │ └── qs@4.0.0
99 silly idealTree:prePrune ├── finalhandler@0.4.1
99 silly idealTree:prePrune ├── forwarded@0.1.0
99 silly idealTree:prePrune ├── fresh@0.3.0
99 silly idealTree:prePrune ├── has-binary@0.1.7
99 silly idealTree:prePrune ├── has-cors@1.1.0
99 silly idealTree:prePrune ├── hooks-fixed@1.1.0
99 silly idealTree:prePrune ├── http-errors@1.4.0
99 silly idealTree:prePrune ├── iconv-lite@0.4.13
99 silly idealTree:prePrune ├── indexof@0.0.1
99 silly idealTree:prePrune ├── inherits@2.0.1
99 silly idealTree:prePrune ├── ipaddr.js@1.0.5
99 silly idealTree:prePrune ├── isarray@0.0.1
99 silly idealTree:prePrune ├── jmespath@0.15.0
99 silly idealTree:prePrune ├── json3@3.2.6
99 silly idealTree:prePrune ├── kareem@1.0.1
99 silly idealTree:prePrune ├── libbase64@0.1.0
99 silly idealTree:prePrune ├── libmime@1.2.0
99 silly idealTree:prePrune ├── libqp@1.1.0
99 silly idealTree:prePrune ├── lodash-node@2.4.1
99 silly idealTree:prePrune ├── lodash@3.5.0
99 silly idealTree:prePrune ├─┬ lwip@0.0.8
99 silly idealTree:prePrune │ └── nan@2.0.9
99 silly idealTree:prePrune ├── mailcomposer@2.1.0
99 silly idealTree:prePrune ├── media-typer@0.3.0
99 silly idealTree:prePrune ├── merge-descriptors@1.0.1
99 silly idealTree:prePrune ├── methods@1.1.2
99 silly idealTree:prePrune ├── mime-db@1.23.0
99 silly idealTree:prePrune ├── mime-types@2.1.11
99 silly idealTree:prePrune ├── mime@1.3.4
99 silly idealTree:prePrune ├── minimist@0.0.8
99 silly idealTree:prePrune ├── mkdirp@0.5.1
99 silly idealTree:prePrune ├── mongodb-core@1.2.31
99 silly idealTree:prePrune ├── mongodb@2.0.55
99 silly idealTree:prePrune ├─┬ mongoose@4.4.19
99 silly idealTree:prePrune │ ├── async@1.5.2
99 silly idealTree:prePrune │ ├── es6-promise@3.0.2
99 silly idealTree:prePrune │ ├── mongodb-core@1.3.18
99 silly idealTree:prePrune │ └── mongodb@2.1.18
99 silly idealTree:prePrune ├── mpath@0.2.1
99 silly idealTree:prePrune ├── mpromise@0.5.5
99 silly idealTree:prePrune ├─┬ mquery@1.10.0
99 silly idealTree:prePrune │ ├── bluebird@2.10.2
99 silly idealTree:prePrune │ └── sliced@0.0.5
99 silly idealTree:prePrune ├── ms@0.7.1
99 silly idealTree:prePrune ├── multer@1.1.0
99 silly idealTree:prePrune ├── muri@1.1.0
99 silly idealTree:prePrune ├── nan@2.2.1
99 silly idealTree:prePrune ├── needle@0.11.0
99 silly idealTree:prePrune ├── negotiator@0.5.3
99 silly idealTree:prePrune ├── nodemailer-direct-transport@1.1.0
99 silly idealTree:prePrune ├── nodemailer-smtp-transport@1.1.0
99 silly idealTree:prePrune ├── nodemailer-wellknown@0.1.10
99 silly idealTree:prePrune ├── nodemailer@1.11.0
99 silly idealTree:prePrune ├── object-assign@3.0.0
99 silly idealTree:prePrune ├── object-component@0.0.3
99 silly idealTree:prePrune ├── on-finished@2.3.0
99 silly idealTree:prePrune ├── on-headers@1.0.1
99 silly idealTree:prePrune ├── options@0.0.6
99 silly idealTree:prePrune ├── parsejson@0.0.1
99 silly idealTree:prePrune ├── parseqs@0.0.2
99 silly idealTree:prePrune ├── parseuri@0.0.4
99 silly idealTree:prePrune ├── parseurl@1.3.1
99 silly idealTree:prePrune ├── path-to-regexp@0.1.7
99 silly idealTree:prePrune ├── process-nextick-args@1.0.7
99 silly idealTree:prePrune ├── proxy-addr@1.0.10
99 silly idealTree:prePrune ├── qs@6.1.0
99 silly idealTree:prePrune ├── range-parser@1.0.3
99 silly idealTree:prePrune ├── raw-body@2.1.6
99 silly idealTree:prePrune ├── readable-stream@1.0.31
99 silly idealTree:prePrune ├── regexp-clone@0.0.1
99 silly idealTree:prePrune ├── require_optional@1.0.0
99 silly idealTree:prePrune ├── resolve-from@2.0.0
99 silly idealTree:prePrune ├── sax@1.1.5
99 silly idealTree:prePrune ├── semver@5.1.0
99 silly idealTree:prePrune ├─┬ send@0.13.1
99 silly idealTree:prePrune │ ├── http-errors@1.3.1
99 silly idealTree:prePrune │ └── statuses@1.2.1
99 silly idealTree:prePrune ├── serve-static@1.10.2
99 silly idealTree:prePrune ├── sliced@1.0.1
99 silly idealTree:prePrune ├── smtp-connection@1.3.8
99 silly idealTree:prePrune ├─┬ socket.io-adapter@0.4.0
99 silly idealTree:prePrune │ └─┬ socket.io-parser@2.2.2
99 silly idealTree:prePrune │   └── debug@0.7.4
99 silly idealTree:prePrune ├─┬ socket.io-client@1.4.6
99 silly idealTree:prePrune │ └── component-emitter@1.2.0
99 silly idealTree:prePrune ├─┬ socket.io-parser@2.2.6
99 silly idealTree:prePrune │ └── json3@3.3.2
99 silly idealTree:prePrune ├── socket.io@1.4.6
99 silly idealTree:prePrune ├── statuses@1.3.0
99 silly idealTree:prePrune ├── streamsearch@0.1.2
99 silly idealTree:prePrune ├── string_decoder@0.10.31
99 silly idealTree:prePrune ├── to-array@0.1.4
99 silly idealTree:prePrune ├── type-is@1.6.13
99 silly idealTree:prePrune ├── typedarray@0.0.6
99 silly idealTree:prePrune ├── uid-safe@2.0.0
99 silly idealTree:prePrune ├── ultron@1.0.2
99 silly idealTree:prePrune ├── unpipe@1.0.0
99 silly idealTree:prePrune ├── utf8@2.1.0
99 silly idealTree:prePrune ├── util-deprecate@1.0.2
99 silly idealTree:prePrune ├── utils-merge@1.0.0
99 silly idealTree:prePrune ├── vary@1.0.1
99 silly idealTree:prePrune ├── ws@1.0.1
99 silly idealTree:prePrune ├── xml2js@0.4.15
99 silly idealTree:prePrune ├── xmlbuilder@2.6.2
99 silly idealTree:prePrune ├── xmlhttprequest-ssl@1.5.1
99 silly idealTree:prePrune ├── xtend@4.0.1
99 silly idealTree:prePrune └── yeast@0.1.2
100 silly loadIdealTree Finishing
101 silly currentTree MorTeam@1.0.0-beta.4
101 silly currentTree ├── accepts@1.2.13
101 silly currentTree ├── addressparser@0.3.2
101 silly currentTree ├── after@0.8.1
101 silly currentTree ├── append-field@0.1.0
101 silly currentTree ├── array-flatten@1.1.1
101 silly currentTree ├── arraybuffer.slice@0.0.6
101 silly currentTree ├── async@0.9.2
101 silly currentTree ├── autolinker@0.22.0
101 silly currentTree ├── aws-sdk@2.3.15
101 silly currentTree ├── backo2@1.0.2
101 silly currentTree ├── base64-arraybuffer@0.1.2
101 silly currentTree ├── base64-url@1.2.1
101 silly currentTree ├── base64id@0.1.0
101 silly currentTree ├── bcrypt@0.8.6
101 silly currentTree ├── benchmark@1.0.0
101 silly currentTree ├── better-assert@1.0.2
101 silly currentTree ├── bindings@1.2.1
101 silly currentTree ├── blob@0.0.4
101 silly currentTree ├── bluebird@3.4.0
101 silly currentTree ├── body-parser@1.15.1
101 silly currentTree ├── bson@0.4.23
101 silly currentTree ├─┬ buildmail@2.0.0
101 silly currentTree │ └── needle@0.10.0
101 silly currentTree ├─┬ busboy@0.2.13
101 silly currentTree │ └── readable-stream@1.1.14
101 silly currentTree ├── bytes@2.3.0
101 silly currentTree ├── callsite@1.0.0
101 silly currentTree ├── clone@1.0.2
101 silly currentTree ├── component-bind@1.0.0
101 silly currentTree ├── component-emitter@1.1.2
101 silly currentTree ├── component-inherit@0.0.3
101 silly currentTree ├─┬ concat-stream@1.5.1
101 silly currentTree │ ├── isarray@1.0.0
101 silly currentTree │ └── readable-stream@2.0.6
101 silly currentTree ├── connect-mongo@0.8.2
101 silly currentTree ├── content-disposition@0.5.1
101 silly currentTree ├── content-type@1.0.2
101 silly currentTree ├── cookie-signature@1.0.6
101 silly currentTree ├── cookie@0.1.5
101 silly currentTree ├── core-util-is@1.0.2
101 silly currentTree ├── crc@3.4.0
101 silly currentTree ├── debug@2.2.0
101 silly currentTree ├── decree@0.0.6
101 silly currentTree ├── depd@1.1.0
101 silly currentTree ├── destroy@1.0.4
101 silly currentTree ├─┬ dicer@0.2.5
101 silly currentTree │ └── readable-stream@1.1.14
101 silly currentTree ├── ee-first@1.1.1
101 silly currentTree ├── ejs@2.4.2
101 silly currentTree ├── engine.io-client@1.6.9
101 silly currentTree ├─┬ engine.io-parser@1.2.4
101 silly currentTree │ └── has-binary@0.1.6
101 silly currentTree ├─┬ engine.io@1.6.9
101 silly currentTree │ ├── accepts@1.1.4
101 silly currentTree │ ├── mime-db@1.12.0
101 silly currentTree │ ├── mime-types@2.0.14
101 silly currentTree │ └── negotiator@0.4.9
101 silly currentTree ├── es6-promise@2.1.1
101 silly currentTree ├── escape-html@1.0.3
101 silly currentTree ├── etag@1.7.0
101 silly currentTree ├─┬ express-session@1.13.0
101 silly currentTree │ └── cookie@0.2.3
101 silly currentTree ├─┬ express@4.13.4
101 silly currentTree │ └── qs@4.0.0
101 silly currentTree ├── finalhandler@0.4.1
101 silly currentTree ├── forwarded@0.1.0
101 silly currentTree ├── fresh@0.3.0
101 silly currentTree ├── has-binary@0.1.7
101 silly currentTree ├── has-cors@1.1.0
101 silly currentTree ├── hooks-fixed@1.1.0
101 silly currentTree ├── http-errors@1.4.0
101 silly currentTree ├── iconv-lite@0.4.13
101 silly currentTree ├── indexof@0.0.1
101 silly currentTree ├── inherits@2.0.1
101 silly currentTree ├── ipaddr.js@1.0.5
101 silly currentTree ├── isarray@0.0.1
101 silly currentTree ├── jmespath@0.15.0
101 silly currentTree ├── json3@3.2.6
101 silly currentTree ├── kareem@1.0.1
101 silly currentTree ├── libbase64@0.1.0
101 silly currentTree ├── libmime@1.2.0
101 silly currentTree ├── libqp@1.1.0
101 silly currentTree ├── lodash-node@2.4.1
101 silly currentTree ├── lodash@3.5.0
101 silly currentTree ├── mailcomposer@2.1.0
101 silly currentTree ├── media-typer@0.3.0
101 silly currentTree ├── merge-descriptors@1.0.1
101 silly currentTree ├── methods@1.1.2
101 silly currentTree ├── mime-db@1.23.0
101 silly currentTree ├── mime-types@2.1.11
101 silly currentTree ├── mime@1.3.4
101 silly currentTree ├── minimist@0.0.8
101 silly currentTree ├── mkdirp@0.5.1
101 silly currentTree ├── mongodb-core@1.2.31
101 silly currentTree ├── mongodb@2.0.55
101 silly currentTree ├─┬ mongoose@4.4.19
101 silly currentTree │ ├── async@1.5.2
101 silly currentTree │ ├── es6-promise@3.0.2
101 silly currentTree │ ├── mongodb-core@1.3.18
101 silly currentTree │ └── mongodb@2.1.18
101 silly currentTree ├── mpath@0.2.1
101 silly currentTree ├── mpromise@0.5.5
101 silly currentTree ├─┬ mquery@1.10.0
101 silly currentTree │ ├── bluebird@2.10.2
101 silly currentTree │ └── sliced@0.0.5
101 silly currentTree ├── ms@0.7.1
101 silly currentTree ├── multer@1.1.0
101 silly currentTree ├── muri@1.1.0
101 silly currentTree ├── nan@2.2.1
101 silly currentTree ├── needle@0.11.0
101 silly currentTree ├── negotiator@0.5.3
101 silly currentTree ├── nodemailer-direct-transport@1.1.0
101 silly currentTree ├── nodemailer-smtp-transport@1.1.0
101 silly currentTree ├── nodemailer-wellknown@0.1.10
101 silly currentTree ├── nodemailer@1.11.0
101 silly currentTree ├── object-assign@3.0.0
101 silly currentTree ├── object-component@0.0.3
101 silly currentTree ├── on-finished@2.3.0
101 silly currentTree ├── on-headers@1.0.1
101 silly currentTree ├── options@0.0.6
101 silly currentTree ├── parsejson@0.0.1
101 silly currentTree ├── parseqs@0.0.2
101 silly currentTree ├── parseuri@0.0.4
101 silly currentTree ├── parseurl@1.3.1
101 silly currentTree ├── path-to-regexp@0.1.7
101 silly currentTree ├── process-nextick-args@1.0.7
101 silly currentTree ├── proxy-addr@1.0.10
101 silly currentTree ├── qs@6.1.0
101 silly currentTree ├── range-parser@1.0.3
101 silly currentTree ├── raw-body@2.1.6
101 silly currentTree ├── readable-stream@1.0.31
101 silly currentTree ├── regexp-clone@0.0.1
101 silly currentTree ├── require_optional@1.0.0
101 silly currentTree ├── resolve-from@2.0.0
101 silly currentTree ├── sax@1.1.5
101 silly currentTree ├── semver@5.1.0
101 silly currentTree ├─┬ send@0.13.1
101 silly currentTree │ ├── http-errors@1.3.1
101 silly currentTree │ └── statuses@1.2.1
101 silly currentTree ├── serve-static@1.10.2
101 silly currentTree ├── sliced@1.0.1
101 silly currentTree ├── smtp-connection@1.3.8
101 silly currentTree ├─┬ socket.io-adapter@0.4.0
101 silly currentTree │ └─┬ socket.io-parser@2.2.2
101 silly currentTree │   └── debug@0.7.4
101 silly currentTree ├─┬ socket.io-client@1.4.6
101 silly currentTree │ └── component-emitter@1.2.0
101 silly currentTree ├─┬ socket.io-parser@2.2.6
101 silly currentTree │ └── json3@3.3.2
101 silly currentTree ├── socket.io@1.4.6
101 silly currentTree ├── statuses@1.3.0
101 silly currentTree ├── streamsearch@0.1.2
101 silly currentTree ├── string_decoder@0.10.31
101 silly currentTree ├── to-array@0.1.4
101 silly currentTree ├── type-is@1.6.13
101 silly currentTree ├── typedarray@0.0.6
101 silly currentTree ├── uid-safe@2.0.0
101 silly currentTree ├── ultron@1.0.2
101 silly currentTree ├── unpipe@1.0.0
101 silly currentTree ├── utf8@2.1.0
101 silly currentTree ├── util-deprecate@1.0.2
101 silly currentTree ├── utils-merge@1.0.0
101 silly currentTree ├── vary@1.0.1
101 silly currentTree ├── ws@1.0.1
101 silly currentTree ├── xml2js@0.4.15
101 silly currentTree ├── xmlbuilder@2.6.2
101 silly currentTree ├── xmlhttprequest-ssl@1.5.1
101 silly currentTree ├── xtend@4.0.1
101 silly currentTree └── yeast@0.1.2
102 silly idealTree MorTeam@1.0.0-beta.4
102 silly idealTree ├── accepts@1.2.13
102 silly idealTree ├── addressparser@0.3.2
102 silly idealTree ├── after@0.8.1
102 silly idealTree ├── append-field@0.1.0
102 silly idealTree ├── array-flatten@1.1.1
102 silly idealTree ├── arraybuffer.slice@0.0.6
102 silly idealTree ├── async@0.9.2
102 silly idealTree ├── autolinker@0.22.0
102 silly idealTree ├── aws-sdk@2.3.15
102 silly idealTree ├── backo2@1.0.2
102 silly idealTree ├── base64-arraybuffer@0.1.2
102 silly idealTree ├── base64-url@1.2.1
102 silly idealTree ├── base64id@0.1.0
102 silly idealTree ├── bcrypt@0.8.6
102 silly idealTree ├── benchmark@1.0.0
102 silly idealTree ├── better-assert@1.0.2
102 silly idealTree ├── bindings@1.2.1
102 silly idealTree ├── blob@0.0.4
102 silly idealTree ├── bluebird@3.4.0
102 silly idealTree ├── body-parser@1.15.1
102 silly idealTree ├── bson@0.4.23
102 silly idealTree ├─┬ buildmail@2.0.0
102 silly idealTree │ └── needle@0.10.0
102 silly idealTree ├─┬ busboy@0.2.13
102 silly idealTree │ └── readable-stream@1.1.14
102 silly idealTree ├── bytes@2.3.0
102 silly idealTree ├── callsite@1.0.0
102 silly idealTree ├── clone@1.0.2
102 silly idealTree ├── component-bind@1.0.0
102 silly idealTree ├── component-emitter@1.1.2
102 silly idealTree ├── component-inherit@0.0.3
102 silly idealTree ├─┬ concat-stream@1.5.1
102 silly idealTree │ ├── isarray@1.0.0
102 silly idealTree │ └── readable-stream@2.0.6
102 silly idealTree ├── connect-mongo@0.8.2
102 silly idealTree ├── content-disposition@0.5.1
102 silly idealTree ├── content-type@1.0.2
102 silly idealTree ├── cookie-signature@1.0.6
102 silly idealTree ├── cookie@0.1.5
102 silly idealTree ├── core-util-is@1.0.2
102 silly idealTree ├── crc@3.4.0
102 silly idealTree ├── debug@2.2.0
102 silly idealTree ├── decree@0.0.6
102 silly idealTree ├── depd@1.1.0
102 silly idealTree ├── destroy@1.0.4
102 silly idealTree ├─┬ dicer@0.2.5
102 silly idealTree │ └── readable-stream@1.1.14
102 silly idealTree ├── ee-first@1.1.1
102 silly idealTree ├── ejs@2.4.2
102 silly idealTree ├── engine.io-client@1.6.9
102 silly idealTree ├─┬ engine.io-parser@1.2.4
102 silly idealTree │ └── has-binary@0.1.6
102 silly idealTree ├─┬ engine.io@1.6.9
102 silly idealTree │ ├── accepts@1.1.4
102 silly idealTree │ ├── mime-db@1.12.0
102 silly idealTree │ ├── mime-types@2.0.14
102 silly idealTree │ └── negotiator@0.4.9
102 silly idealTree ├── es6-promise@2.1.1
102 silly idealTree ├── escape-html@1.0.3
102 silly idealTree ├── etag@1.7.0
102 silly idealTree ├─┬ express-session@1.13.0
102 silly idealTree │ └── cookie@0.2.3
102 silly idealTree ├─┬ express@4.13.4
102 silly idealTree │ └── qs@4.0.0
102 silly idealTree ├── finalhandler@0.4.1
102 silly idealTree ├── forwarded@0.1.0
102 silly idealTree ├── fresh@0.3.0
102 silly idealTree ├── has-binary@0.1.7
102 silly idealTree ├── has-cors@1.1.0
102 silly idealTree ├── hooks-fixed@1.1.0
102 silly idealTree ├── http-errors@1.4.0
102 silly idealTree ├── iconv-lite@0.4.13
102 silly idealTree ├── indexof@0.0.1
102 silly idealTree ├── inherits@2.0.1
102 silly idealTree ├── ipaddr.js@1.0.5
102 silly idealTree ├── isarray@0.0.1
102 silly idealTree ├── jmespath@0.15.0
102 silly idealTree ├── json3@3.2.6
102 silly idealTree ├── kareem@1.0.1
102 silly idealTree ├── libbase64@0.1.0
102 silly idealTree ├── libmime@1.2.0
102 silly idealTree ├── libqp@1.1.0
102 silly idealTree ├── lodash-node@2.4.1
102 silly idealTree ├── lodash@3.5.0
102 silly idealTree ├─┬ lwip@0.0.8
102 silly idealTree │ └── nan@2.0.9
102 silly idealTree ├── mailcomposer@2.1.0
102 silly idealTree ├── media-typer@0.3.0
102 silly idealTree ├── merge-descriptors@1.0.1
102 silly idealTree ├── methods@1.1.2
102 silly idealTree ├── mime-db@1.23.0
102 silly idealTree ├── mime-types@2.1.11
102 silly idealTree ├── mime@1.3.4
102 silly idealTree ├── minimist@0.0.8
102 silly idealTree ├── mkdirp@0.5.1
102 silly idealTree ├── mongodb-core@1.2.31
102 silly idealTree ├── mongodb@2.0.55
102 silly idealTree ├─┬ mongoose@4.4.19
102 silly idealTree │ ├── async@1.5.2
102 silly idealTree │ ├── es6-promise@3.0.2
102 silly idealTree │ ├── mongodb-core@1.3.18
102 silly idealTree │ └── mongodb@2.1.18
102 silly idealTree ├── mpath@0.2.1
102 silly idealTree ├── mpromise@0.5.5
102 silly idealTree ├─┬ mquery@1.10.0
102 silly idealTree │ ├── bluebird@2.10.2
102 silly idealTree │ └── sliced@0.0.5
102 silly idealTree ├── ms@0.7.1
102 silly idealTree ├── multer@1.1.0
102 silly idealTree ├── muri@1.1.0
102 silly idealTree ├── nan@2.2.1
102 silly idealTree ├── needle@0.11.0
102 silly idealTree ├── negotiator@0.5.3
102 silly idealTree ├── nodemailer-direct-transport@1.1.0
102 silly idealTree ├── nodemailer-smtp-transport@1.1.0
102 silly idealTree ├── nodemailer-wellknown@0.1.10
102 silly idealTree ├── nodemailer@1.11.0
102 silly idealTree ├── object-assign@3.0.0
102 silly idealTree ├── object-component@0.0.3
102 silly idealTree ├── on-finished@2.3.0
102 silly idealTree ├── on-headers@1.0.1
102 silly idealTree ├── options@0.0.6
102 silly idealTree ├── parsejson@0.0.1
102 silly idealTree ├── parseqs@0.0.2
102 silly idealTree ├── parseuri@0.0.4
102 silly idealTree ├── parseurl@1.3.1
102 silly idealTree ├── path-to-regexp@0.1.7
102 silly idealTree ├── process-nextick-args@1.0.7
102 silly idealTree ├── proxy-addr@1.0.10
102 silly idealTree ├── qs@6.1.0
102 silly idealTree ├── range-parser@1.0.3
102 silly idealTree ├── raw-body@2.1.6
102 silly idealTree ├── readable-stream@1.0.31
102 silly idealTree ├── regexp-clone@0.0.1
102 silly idealTree ├── require_optional@1.0.0
102 silly idealTree ├── resolve-from@2.0.0
102 silly idealTree ├── sax@1.1.5
102 silly idealTree ├── semver@5.1.0
102 silly idealTree ├─┬ send@0.13.1
102 silly idealTree │ ├── http-errors@1.3.1
102 silly idealTree │ └── statuses@1.2.1
102 silly idealTree ├── serve-static@1.10.2
102 silly idealTree ├── sliced@1.0.1
102 silly idealTree ├── smtp-connection@1.3.8
102 silly idealTree ├─┬ socket.io-adapter@0.4.0
102 silly idealTree │ └─┬ socket.io-parser@2.2.2
102 silly idealTree │   └── debug@0.7.4
102 silly idealTree ├─┬ socket.io-client@1.4.6
102 silly idealTree │ └── component-emitter@1.2.0
102 silly idealTree ├─┬ socket.io-parser@2.2.6
102 silly idealTree │ └── json3@3.3.2
102 silly idealTree ├── socket.io@1.4.6
102 silly idealTree ├── statuses@1.3.0
102 silly idealTree ├── streamsearch@0.1.2
102 silly idealTree ├── string_decoder@0.10.31
102 silly idealTree ├── to-array@0.1.4
102 silly idealTree ├── type-is@1.6.13
102 silly idealTree ├── typedarray@0.0.6
102 silly idealTree ├── uid-safe@2.0.0
102 silly idealTree ├── ultron@1.0.2
102 silly idealTree ├── unpipe@1.0.0
102 silly idealTree ├── utf8@2.1.0
102 silly idealTree ├── util-deprecate@1.0.2
102 silly idealTree ├── utils-merge@1.0.0
102 silly idealTree ├── vary@1.0.1
102 silly idealTree ├── ws@1.0.1
102 silly idealTree ├── xml2js@0.4.15
102 silly idealTree ├── xmlbuilder@2.6.2
102 silly idealTree ├── xmlhttprequest-ssl@1.5.1
102 silly idealTree ├── xtend@4.0.1
102 silly idealTree └── yeast@0.1.2
103 silly generateActionsToTake Starting
104 silly install generateActionsToTake
105 silly generateActionsToTake Finishing
106 silly diffTrees action count 2
107 silly diffTrees add nan@2.0.9
108 silly diffTrees add lwip@0.0.8
109 silly decomposeActions action count 16
110 silly decomposeActions fetch nan@2.0.9
111 silly decomposeActions extract nan@2.0.9
112 silly decomposeActions test nan@2.0.9
113 silly decomposeActions preinstall nan@2.0.9
114 silly decomposeActions build nan@2.0.9
115 silly decomposeActions install nan@2.0.9
116 silly decomposeActions postinstall nan@2.0.9
117 silly decomposeActions finalize nan@2.0.9
118 silly decomposeActions fetch lwip@0.0.8
119 silly decomposeActions extract lwip@0.0.8
120 silly decomposeActions test lwip@0.0.8
121 silly decomposeActions preinstall lwip@0.0.8
122 silly decomposeActions build lwip@0.0.8
123 silly decomposeActions install lwip@0.0.8
124 silly decomposeActions postinstall lwip@0.0.8
125 silly decomposeActions finalize lwip@0.0.8
126 silly executeActions Starting
127 silly install executeActions
128 silly doSerial global-install 0
129 silly doParallel fetch 2
130 verbose correctMkdir /home/voidpigeon/.npm/_locks correctMkdir not in flight; initializing
131 verbose lock using /home/voidpigeon/.npm/_locks/staging-33491aa80f5c1ddb.lock for /home/voidpigeon/morteam-server-website/node_modules/.staging
132 silly doParallel extract 2
133 silly extract nan@2.0.9
134 silly extract lwip@0.0.8
135 verbose unbuild node_modules/.staging/nan-ab020af2
136 verbose unbuild node_modules/.staging/lwip-6bb9d6a5
137 silly gentlyRm /home/voidpigeon/morteam-server-website/node_modules/.staging/nan-ab020af2 is being purged from base /home/voidpigeon/morteam-server-website
138 verbose gentlyRm don't care about contents; nuking /home/voidpigeon/morteam-server-website/node_modules/.staging/nan-ab020af2
139 silly gentlyRm /home/voidpigeon/morteam-server-website/node_modules/.staging/lwip-6bb9d6a5 is being purged from base /home/voidpigeon/morteam-server-website
140 verbose gentlyRm don't care about contents; nuking /home/voidpigeon/morteam-server-website/node_modules/.staging/lwip-6bb9d6a5
141 verbose tar unpack /home/voidpigeon/.npm/nan/2.0.9/package.tgz
142 verbose tar unpacking to /home/voidpigeon/morteam-server-website/node_modules/.staging/nan-ab020af2
143 silly gentlyRm /home/voidpigeon/morteam-server-website/node_modules/.staging/nan-ab020af2 is being purged
144 verbose gentlyRm don't care about contents; nuking /home/voidpigeon/morteam-server-website/node_modules/.staging/nan-ab020af2
145 verbose tar unpack /home/voidpigeon/.npm/lwip/0.0.8/package.tgz
146 verbose tar unpacking to /home/voidpigeon/morteam-server-website/node_modules/.staging/lwip-6bb9d6a5
147 silly gentlyRm /home/voidpigeon/morteam-server-website/node_modules/.staging/lwip-6bb9d6a5 is being purged
148 verbose gentlyRm don't care about contents; nuking /home/voidpigeon/morteam-server-website/node_modules/.staging/lwip-6bb9d6a5
149 silly gunzTarPerm modes [ '755', '644' ]
150 silly gunzTarPerm modes [ '755', '644' ]
151 silly gunzTarPerm extractEntry package.json
152 silly gunzTarPerm modified mode [ 'package.json', 436, 420 ]
153 silly gunzTarPerm extractEntry package.json
154 silly gunzTarPerm extractEntry README.md
155 silly gunzTarPerm modified mode [ 'README.md', 436, 420 ]
156 silly gunzTarPerm extractEntry .npmignore
157 silly gunzTarPerm extractEntry README.md
158 silly gunzTarPerm extractEntry include_dirs.js
159 silly gunzTarPerm modified mode [ 'include_dirs.js', 436, 420 ]
160 silly gunzTarPerm extractEntry nan_converters.h
161 silly gunzTarPerm modified mode [ 'nan_converters.h', 436, 420 ]
162 silly gunzTarPerm extractEntry LICENSE.md
163 silly gunzTarPerm modified mode [ 'LICENSE.md', 436, 420 ]
164 silly gunzTarPerm extractEntry .dntrc
165 silly gunzTarPerm modified mode [ '.dntrc', 436, 420 ]
166 silly gunzTarPerm extractEntry LICENSE
167 silly gunzTarPerm extractEntry appveyor.yml
168 silly gunzTarPerm modified mode [ 'appveyor.yml', 436, 420 ]
169 silly gunzTarPerm extractEntry index.js
170 silly gunzTarPerm extractEntry CONTRIBUTING.md
171 silly gunzTarPerm extractEntry appveyor.yml
172 silly gunzTarPerm extractEntry .travis.yml
173 silly gunzTarPerm extractEntry doc/new.md
174 silly gunzTarPerm modified mode [ 'doc/new.md', 436, 420 ]
175 silly gunzTarPerm extractEntry doc/.build.sh
176 silly gunzTarPerm modified mode [ 'doc/.build.sh', 509, 493 ]
177 silly gunzTarPerm extractEntry doc/buffers.md
178 silly gunzTarPerm modified mode [ 'doc/buffers.md', 436, 420 ]
179 silly gunzTarPerm extractEntry doc/callback.md
180 silly gunzTarPerm modified mode [ 'doc/callback.md', 436, 420 ]
181 silly gunzTarPerm extractEntry examples/blur.js
182 silly gunzTarPerm extractEntry examples/extract.js
183 silly gunzTarPerm extractEntry doc/converters.md
184 silly gunzTarPerm modified mode [ 'doc/converters.md', 436, 420 ]
185 silly gunzTarPerm extractEntry doc/errors.md
186 silly gunzTarPerm modified mode [ 'doc/errors.md', 436, 420 ]
187 silly gunzTarPerm extractEntry examples/fade.js
188 silly gunzTarPerm extractEntry examples/gif_interlaced.js
189 silly gunzTarPerm extractEntry examples/hue.js
190 silly gunzTarPerm extractEntry examples/crop.js
191 silly gunzTarPerm extractEntry doc/maybe_types.md
192 silly gunzTarPerm modified mode [ 'doc/maybe_types.md', 436, 420 ]
193 silly gunzTarPerm extractEntry doc/methods.md
194 silly gunzTarPerm modified mode [ 'doc/methods.md', 436, 420 ]
195 silly gunzTarPerm extractEntry examples/border.js
196 silly gunzTarPerm extractEntry examples/saturate.js
197 silly gunzTarPerm extractEntry doc/asyncworker.md
198 silly gunzTarPerm modified mode [ 'doc/asyncworker.md', 436, 420 ]
199 silly gunzTarPerm extractEntry doc/node_misc.md
200 silly gunzTarPerm modified mode [ 'doc/node_misc.md', 436, 420 ]
201 silly gunzTarPerm extractEntry doc/persistent.md
202 silly gunzTarPerm modified mode [ 'doc/persistent.md', 436, 420 ]
203 silly gunzTarPerm extractEntry doc/scopes.md
204 silly gunzTarPerm modified mode [ 'doc/scopes.md', 436, 420 ]
205 silly gunzTarPerm extractEntry examples/lighten.js
206 silly gunzTarPerm extractEntry examples/mirror.js
207 silly gunzTarPerm extractEntry examples/open_pixelbuffer.js
208 silly gunzTarPerm extractEntry examples/cover.js
209 silly gunzTarPerm extractEntry doc/script.md
210 silly gunzTarPerm modified mode [ 'doc/script.md', 436, 420 ]
211 silly gunzTarPerm extractEntry doc/string_bytes.md
212 silly gunzTarPerm modified mode [ 'doc/string_bytes.md', 436, 420 ]
213 silly gunzTarPerm extractEntry examples/pad.js
214 silly gunzTarPerm extractEntry examples/convert_png_jpg.js
215 silly gunzTarPerm extractEntry doc/v8_internals.md
216 silly gunzTarPerm modified mode [ 'doc/v8_internals.md', 436, 420 ]
217 silly gunzTarPerm extractEntry doc/v8_misc.md
218 silly gunzTarPerm modified mode [ 'doc/v8_misc.md', 436, 420 ]
219 silly gunzTarPerm extractEntry examples/paste_blend.js
220 silly gunzTarPerm extractEntry examples/convert_png_gif.js
221 silly gunzTarPerm extractEntry nan.h
222 silly gunzTarPerm modified mode [ 'nan.h', 436, 420 ]
223 silly gunzTarPerm extractEntry nan_callbacks.h
224 silly gunzTarPerm modified mode [ 'nan_callbacks.h', 436, 420 ]
225 silly gunzTarPerm extractEntry nan_callbacks_12_inl.h
226 silly gunzTarPerm modified mode [ 'nan_callbacks_12_inl.h', 436, 420 ]
227 silly gunzTarPerm extractEntry nan_callbacks_pre_12_inl.h
228 silly gunzTarPerm modified mode [ 'nan_callbacks_pre_12_inl.h', 436, 420 ]
229 silly gunzTarPerm extractEntry nan_converters_43_inl.h
230 silly gunzTarPerm modified mode [ 'nan_converters_43_inl.h', 436, 420 ]
231 silly gunzTarPerm extractEntry nan_converters_pre_43_inl.h
232 silly gunzTarPerm modified mode [ 'nan_converters_pre_43_inl.h', 436, 420 ]
233 silly gunzTarPerm extractEntry nan_implementation_12_inl.h
234 silly gunzTarPerm modified mode [ 'nan_implementation_12_inl.h', 436, 420 ]
235 silly gunzTarPerm extractEntry nan_implementation_pre_12_inl.h
236 silly gunzTarPerm modified mode [ 'nan_implementation_pre_12_inl.h', 436, 420 ]
237 silly gunzTarPerm extractEntry nan_maybe_43_inl.h
238 silly gunzTarPerm modified mode [ 'nan_maybe_43_inl.h', 436, 420 ]
239 silly gunzTarPerm extractEntry nan_maybe_pre_43_inl.h
240 silly gunzTarPerm modified mode [ 'nan_maybe_pre_43_inl.h', 436, 420 ]
241 silly gunzTarPerm extractEntry nan_new.h
242 silly gunzTarPerm modified mode [ 'nan_new.h', 436, 420 ]
243 silly gunzTarPerm extractEntry nan_object_wrap.h
244 silly gunzTarPerm modified mode [ 'nan_object_wrap.h', 436, 420 ]
245 silly gunzTarPerm extractEntry nan_persistent_12_inl.h
246 silly gunzTarPerm modified mode [ 'nan_persistent_12_inl.h', 436, 420 ]
247 silly gunzTarPerm extractEntry nan_persistent_pre_12_inl.h
248 silly gunzTarPerm modified mode [ 'nan_persistent_pre_12_inl.h', 436, 420 ]
249 silly gunzTarPerm extractEntry nan_string_bytes.h
250 silly gunzTarPerm modified mode [ 'nan_string_bytes.h', 436, 420 ]
251 silly gunzTarPerm extractEntry nan_weak.h
252 silly gunzTarPerm modified mode [ 'nan_weak.h', 436, 420 ]
253 silly gunzTarPerm extractEntry CHANGELOG.md
254 silly gunzTarPerm modified mode [ 'CHANGELOG.md', 436, 420 ]
255 silly gunzTarPerm extractEntry tools/package.json
256 silly gunzTarPerm modified mode [ 'tools/package.json', 436, 420 ]
257 silly gunzTarPerm extractEntry tools/README.md
258 silly gunzTarPerm modified mode [ 'tools/README.md', 436, 420 ]
259 silly gunzTarPerm extractEntry tools/1to2.js
260 silly gunzTarPerm modified mode [ 'tools/1to2.js', 509, 493 ]
261 silly gunzTarPerm extractEntry examples/paste_mosiac.js
262 silly gunzTarPerm extractEntry examples/convert_jpg_png.js
263 silly gunzTarPerm extractEntry examples/png_interlaced.js
264 silly gunzTarPerm extractEntry examples/convert_gif_png.js
265 silly gunzTarPerm extractEntry examples/reduce_quality.js
266 silly gunzTarPerm extractEntry examples/contain.js
267 silly gunzTarPerm extractEntry examples/rotate.js
268 silly gunzTarPerm extractEntry examples/clone.js
269 silly gunzTarPerm extractEntry examples/rotate_scale_blur.js
270 silly gunzTarPerm extractEntry examples/set_pixel.js
271 silly gunzTarPerm extractEntry examples/sharpen.js
272 silly gunzTarPerm extractEntry examples/lena.png
273 silly gunzTarPerm extractEntry examples/lena.gif
274 silly gunzTarPerm extractEntry examples/lena.jpg
275 silly gunzTarPerm extractEntry DEVELOPMENT.md
276 silly gunzTarPerm extractEntry lib/Batch.js
277 silly gunzTarPerm extractEntry lib/BatchPrototypeInit.js
278 silly gunzTarPerm extractEntry lib/Image.js
279 silly gunzTarPerm extractEntry lib/ImagePrototypeInit.js
280 silly gunzTarPerm extractEntry lib/defs.js
281 silly gunzTarPerm extractEntry lib/obtain.js
282 silly gunzTarPerm extractEntry lib/util.js
283 silly gunzTarPerm extractEntry tests/utils.js
284 silly gunzTarPerm extractEntry tests/imgs.js
285 silly gunzTarPerm extractEntry tests/02.operations/001.open.js
286 silly gunzTarPerm extractEntry tests/02.operations/107.mirror.js
287 silly gunzTarPerm extractEntry tests/02.operations/108.pad.js
288 silly gunzTarPerm extractEntry tests/02.operations/109.border.js
289 silly gunzTarPerm extractEntry tests/02.operations/110.sharpen.js
290 silly gunzTarPerm extractEntry tests/02.operations/106.blur.js
291 silly gunzTarPerm extractEntry tests/02.operations/112.lighten.js
292 silly gunzTarPerm extractEntry tests/02.operations/113.darken.js
293 silly gunzTarPerm extractEntry tests/02.operations/114.hue.js
294 silly gunzTarPerm extractEntry tests/02.operations/115.hslaAdjust.js
295 silly gunzTarPerm extractEntry tests/02.operations/116.fade.js
296 silly gunzTarPerm extractEntry tests/02.operations/105.crop.js
297 silly gunzTarPerm extractEntry tests/02.operations/116.opacify.js
298 silly gunzTarPerm extractEntry tests/02.operations/104.rotate.js
299 silly gunzTarPerm extractEntry tests/02.operations/117.paste.js
300 silly gunzTarPerm extractEntry tests/02.operations/103.scale.js
301 silly gunzTarPerm extractEntry tests/02.operations/118.setPixel.js
302 silly gunzTarPerm extractEntry tests/02.operations/102.resize.js
303 silly gunzTarPerm extractEntry tests/02.operations/119.contain.js
304 silly gunzTarPerm extractEntry tests/02.operations/101.writeFile.js
305 silly gunzTarPerm extractEntry tests/02.operations/120.cover.js
306 silly gunzTarPerm extractEntry tests/02.operations/002.create.js
307 silly gunzTarPerm extractEntry tests/02.operations/121.setMetadata.js
308 silly gunzTarPerm extractEntry tests/02.operations/111.saturate.js
309 silly gunzTarPerm extractEntry tests/03.safety/00.locks.js
310 silly gunzTarPerm extractEntry tests/03.safety/01.releases.js
311 silly gunzTarPerm extractEntry tests/03.safety/02.clone.js
312 silly gunzTarPerm extractEntry tests/03.safety/03.extract.js
313 silly gunzTarPerm extractEntry tests/04.batch/index.js
314 silly gunzTarPerm extractEntry tests/01.getters/index.js
315 silly gunzTarPerm extractEntry tests/NOTES.md
316 silly gunzTarPerm extractEntry tests/images/rgb.gif
317 silly gunzTarPerm extractEntry tests/images/gs.gif
318 silly gunzTarPerm extractEntry tests/images/gs.png
319 silly gunzTarPerm extractEntry tests/images/hasMetadata.png
320 silly gunzTarPerm extractEntry tests/images/invalid.gif
321 silly gunzTarPerm extractEntry tests/images/invalid.jpg
322 silly gunzTarPerm extractEntry tests/images/invalid.png
323 silly gunzTarPerm extractEntry tests/images/noMetadata.png
324 silly gunzTarPerm extractEntry tests/images/gs.jpg
325 silly gunzTarPerm extractEntry tests/images/rgb.jpg
326 silly gunzTarPerm extractEntry tests/images/rgb.png
327 silly gentlyRm /home/voidpigeon/morteam-server-website/node_modules/.staging/nan-ab020af2/node_modules is being purged
328 verbose gentlyRm don't care about contents; nuking /home/voidpigeon/morteam-server-website/node_modules/.staging/nan-ab020af2/node_modules
329 silly gunzTarPerm extractEntry tests/images/rgbgif
330 silly gunzTarPerm extractEntry tests/images/rgbjpg
331 silly gunzTarPerm extractEntry tests/images/rgbpng
332 silly gunzTarPerm extractEntry tests/images/trans.gif
333 silly gunzTarPerm extractEntry tests/images/trans.png
334 silly gunzTarPerm extractEntry tests/00.argsValidation/001.open.js
335 silly gunzTarPerm extractEntry tests/00.argsValidation/107.image.pad.js
336 silly gunzTarPerm extractEntry tests/00.argsValidation/108.image.border.js
337 silly gunzTarPerm extractEntry tests/00.argsValidation/109.image.paste.js
338 silly gunzTarPerm extractEntry tests/00.argsValidation/106.image.mirror.js
339 silly gunzTarPerm extractEntry tests/00.argsValidation/110.image.setPixel.js
340 silly gunzTarPerm extractEntry tests/00.argsValidation/201.batch.resize.js
341 silly gunzTarPerm extractEntry tests/00.argsValidation/202.batch.scale.js
342 silly gunzTarPerm extractEntry tests/00.argsValidation/203.batch.rotate.js
343 silly gunzTarPerm extractEntry tests/00.argsValidation/204.batch.toBuffer.js
344 silly gunzTarPerm extractEntry tests/00.argsValidation/105.image.writeFile.js
345 silly gunzTarPerm extractEntry tests/00.argsValidation/205.batch.writeFile.js
346 silly gunzTarPerm extractEntry tests/00.argsValidation/104.image.toBuffer.js
347 silly gunzTarPerm extractEntry tests/00.argsValidation/206.batch.mirror.js
348 silly gunzTarPerm extractEntry tests/00.argsValidation/103.image.rotate.js
349 silly gunzTarPerm extractEntry tests/00.argsValidation/207.batch.pad.js
350 silly gunzTarPerm extractEntry tests/00.argsValidation/102.image.scale.js
351 silly gunzTarPerm extractEntry tests/00.argsValidation/208.batch.border.js
352 silly gunzTarPerm extractEntry tests/00.argsValidation/101.image.resize.js
353 silly gunzTarPerm extractEntry tests/00.argsValidation/209.batch.paste.js
354 silly gunzTarPerm extractEntry tests/00.argsValidation/002.create.js
355 silly gunzTarPerm extractEntry tests/00.argsValidation/210.batch.setPixel.js
356 silly gunzTarPerm extractEntry tests/00.argsValidation/110.image.getPixel.js
357 silly gunzTarPerm extractEntry tests/mocha.opts
358 silly gunzTarPerm extractEntry tests/05.stress/index.js
359 silly gunzTarPerm extractEntry src/decoder/buffer_worker.cpp
360 silly gunzTarPerm extractEntry src/decoder/decoder.h
361 silly gunzTarPerm extractEntry src/decoder/gif_decoder.cpp
362 silly gunzTarPerm extractEntry src/decoder/init.cpp
363 silly gunzTarPerm extractEntry src/decoder/jpeg_decoder.cpp
364 silly gunzTarPerm extractEntry src/decoder/png_decoder.cpp
365 silly gunzTarPerm extractEntry src/decoder/pnglibconf.h
366 silly gunzTarPerm extractEntry src/decoder/util.cpp
367 silly gunzTarPerm extractEntry src/encoder/encoder.h
368 silly gunzTarPerm extractEntry src/encoder/gif_worker.cpp
369 silly gunzTarPerm extractEntry src/encoder/init.cpp
370 silly gunzTarPerm extractEntry src/encoder/jpeg_worker.cpp
371 silly gunzTarPerm extractEntry src/encoder/png_worker.cpp
372 silly gunzTarPerm extractEntry src/encoder/pnglibconf.h
373 silly gunzTarPerm extractEntry src/image/opacify_worker.cpp
374 silly gunzTarPerm extractEntry src/image/blur_worker.cpp
375 silly gunzTarPerm extractEntry src/image/hsla_worker.cpp
376 silly gunzTarPerm extractEntry src/image/image.cpp
377 silly gunzTarPerm extractEntry src/image/image.h
378 silly gunzTarPerm extractEntry src/image/init.cpp
379 silly gunzTarPerm extractEntry src/image/mirror_worker.cpp
380 silly gunzTarPerm extractEntry src/image/crop_worker.cpp
381 silly gunzTarPerm extractEntry src/image/pad_worker.cpp
382 silly gunzTarPerm extractEntry src/image/paste_worker.cpp
383 silly gunzTarPerm extractEntry src/image/resize_worker.cpp
384 silly gunzTarPerm extractEntry src/image/rotate_worker.cpp
385 silly gunzTarPerm extractEntry src/image/setpixel_worker.cpp
386 silly gunzTarPerm extractEntry src/image/sharpen_worker.cpp
387 silly gunzTarPerm extractEntry src/lib/cimg/CImg.h
388 silly gunzTarPerm extractEntry src/lib/cimg/Licence_CeCILL-C_V1-en.txt
389 silly gunzTarPerm extractEntry src/lib/cimg/Licence_CeCILL_V2-en.txt
390 silly gunzTarPerm extractEntry src/lib/cimg/README.txt
391 silly gunzTarPerm extractEntry src/lib/gif/README
392 silly gunzTarPerm extractEntry src/lib/gif/gif_font.c
393 silly gunzTarPerm extractEntry src/lib/gif/AUTHORS
394 silly gunzTarPerm extractEntry src/lib/gif/dgif_lib.c
395 silly gunzTarPerm extractEntry src/lib/gif/egif_lib.c
396 silly gunzTarPerm extractEntry src/lib/gif/gif_err.c
397 silly gunzTarPerm extractEntry src/lib/gif/COPYING
398 silly gunzTarPerm extractEntry src/lib/gif/gif_hash.c
399 silly gunzTarPerm extractEntry src/lib/gif/gif_hash.h
400 silly gunzTarPerm extractEntry src/lib/gif/gif_lib.h
401 silly gunzTarPerm extractEntry src/lib/gif/gif_lib_private.h
402 silly gunzTarPerm extractEntry src/lib/gif/gifalloc.c
403 silly gunzTarPerm extractEntry src/lib/gif/quantize.c
404 silly gunzTarPerm extractEntry src/lib/jpeg/README
405 silly gunzTarPerm extractEntry src/lib/jpeg/libjpeg.txt
406 silly gunzTarPerm extractEntry src/lib/jpeg/jcapimin.c
407 silly gunzTarPerm extractEntry src/lib/jpeg/jcapistd.c
408 silly gunzTarPerm extractEntry src/lib/jpeg/jcarith.c
409 silly gunzTarPerm extractEntry src/lib/jpeg/jccoefct.c
410 silly gunzTarPerm extractEntry src/lib/jpeg/jccolor.c
411 silly gunzTarPerm extractEntry src/lib/jpeg/jcdctmgr.c
412 silly gunzTarPerm extractEntry src/lib/jpeg/jchuff.c
413 silly gunzTarPerm extractEntry src/lib/jpeg/jcinit.c
414 silly gunzTarPerm extractEntry src/lib/jpeg/jcmainct.c
415 silly gunzTarPerm extractEntry src/lib/jpeg/jcmarker.c
416 silly gunzTarPerm extractEntry src/lib/jpeg/jcmaster.c
417 silly gunzTarPerm extractEntry src/lib/jpeg/jcomapi.c
418 silly gunzTarPerm extractEntry src/lib/jpeg/jconfig.h
419 silly gunzTarPerm extractEntry src/lib/jpeg/jcparam.c
420 silly gunzTarPerm extractEntry src/lib/jpeg/jcprepct.c
421 silly gunzTarPerm extractEntry src/lib/jpeg/jcsample.c
422 silly gunzTarPerm extractEntry src/lib/jpeg/jdapimin.c
423 silly gunzTarPerm extractEntry src/lib/jpeg/jdapistd.c
424 silly gunzTarPerm extractEntry src/lib/jpeg/jdarith.c
425 silly gunzTarPerm extractEntry src/lib/jpeg/jdatadst.c
426 silly gunzTarPerm extractEntry src/lib/jpeg/jdatasrc.c
427 silly gunzTarPerm extractEntry src/lib/jpeg/jdcoefct.c
428 silly gunzTarPerm extractEntry src/lib/jpeg/jdcolor.c
429 silly gunzTarPerm extractEntry src/lib/jpeg/jdct.h
430 silly gunzTarPerm extractEntry src/lib/jpeg/jddctmgr.c
431 silly gunzTarPerm extractEntry src/lib/jpeg/jaricom.c
432 silly gunzTarPerm extractEntry src/lib/jpeg/jdinput.c
433 silly gunzTarPerm extractEntry src/lib/jpeg/jdmainct.c
434 silly gunzTarPerm extractEntry src/lib/jpeg/jdmarker.c
435 silly gunzTarPerm extractEntry src/lib/jpeg/jdmaster.c
436 silly gunzTarPerm extractEntry src/lib/jpeg/jdmerge.c
437 silly gunzTarPerm extractEntry src/lib/jpeg/jdpostct.c
438 silly gunzTarPerm extractEntry src/lib/jpeg/jdsample.c
439 silly gunzTarPerm extractEntry src/lib/jpeg/jerror.c
440 silly gunzTarPerm extractEntry src/lib/jpeg/jerror.h
441 silly gunzTarPerm extractEntry src/lib/jpeg/jfdctflt.c
442 silly gunzTarPerm extractEntry src/lib/jpeg/jfdctfst.c
443 silly gunzTarPerm extractEntry src/lib/jpeg/jfdctint.c
444 silly gunzTarPerm extractEntry src/lib/jpeg/jidctflt.c
445 silly gunzTarPerm extractEntry src/lib/jpeg/jidctfst.c
446 silly gunzTarPerm extractEntry src/lib/jpeg/jidctint.c
447 silly gunzTarPerm extractEntry src/lib/jpeg/jinclude.h
448 silly gunzTarPerm extractEntry src/lib/jpeg/jmemmgr.c
449 silly gunzTarPerm extractEntry src/lib/jpeg/jmemnobs.c
450 silly gunzTarPerm extractEntry src/lib/jpeg/jmemsys.h
451 silly gunzTarPerm extractEntry src/lib/jpeg/jmorecfg.h
452 silly gunzTarPerm extractEntry src/lib/jpeg/jpegint.h
453 silly gunzTarPerm extractEntry src/lib/jpeg/jpeglib.h
454 silly gunzTarPerm extractEntry src/lib/jpeg/jquant1.c
455 silly gunzTarPerm extractEntry src/lib/jpeg/jquant2.c
456 silly gunzTarPerm extractEntry src/lib/jpeg/jutils.c
457 silly gunzTarPerm extractEntry src/lib/jpeg/jversion.h
458 silly gunzTarPerm extractEntry src/lib/jpeg/jdhuff.c
459 silly gunzTarPerm extractEntry src/lib/png/README
460 silly gunzTarPerm extractEntry src/lib/png/LICENSE
461 silly gunzTarPerm extractEntry src/lib/png/png.c
462 silly gunzTarPerm extractEntry src/lib/png/png.h
463 silly gunzTarPerm extractEntry src/lib/png/pngconf.h
464 silly gunzTarPerm extractEntry src/lib/png/pngdebug.h
465 silly gunzTarPerm extractEntry src/lib/png/pngerror.c
466 silly gunzTarPerm extractEntry src/lib/png/pngget.c
467 silly gunzTarPerm extractEntry src/lib/png/pnginfo.h
468 silly gunzTarPerm extractEntry src/lib/png/pngmem.c
469 silly gunzTarPerm extractEntry src/lib/png/pngpread.c
470 silly gunzTarPerm extractEntry src/lib/png/pngwutil.c
471 silly gunzTarPerm extractEntry src/lib/png/pngread.c
472 silly gunzTarPerm extractEntry src/lib/png/pngrio.c
473 silly gunzTarPerm extractEntry src/lib/png/pngrtran.c
474 silly gunzTarPerm extractEntry src/lib/png/pngrutil.c
475 silly gunzTarPerm extractEntry src/lib/png/pngset.c
476 silly gunzTarPerm extractEntry src/lib/png/pngstruct.h
477 silly gunzTarPerm extractEntry src/lib/png/pngtrans.c
478 silly gunzTarPerm extractEntry src/lib/png/pngwio.c
479 silly gunzTarPerm extractEntry src/lib/png/pngwrite.c
480 silly gunzTarPerm extractEntry src/lib/png/pngwtran.c
481 silly gunzTarPerm extractEntry src/lib/png/pngpriv.h
482 silly gunzTarPerm extractEntry src/lib/zlib/README
483 silly gunzTarPerm extractEntry src/lib/zlib/zutil.h
484 silly gunzTarPerm extractEntry src/lib/zlib/compress.c
485 silly gunzTarPerm extractEntry src/lib/zlib/crc32.c
486 silly gunzTarPerm extractEntry src/lib/zlib/crc32.h
487 silly gunzTarPerm extractEntry src/lib/zlib/deflate.c
488 silly gunzTarPerm extractEntry src/lib/zlib/deflate.h
489 silly gunzTarPerm extractEntry src/lib/zlib/gzclose.c
490 silly gunzTarPerm extractEntry src/lib/zlib/gzguts.h
491 silly gunzTarPerm extractEntry src/lib/zlib/gzlib.c
492 silly gunzTarPerm extractEntry src/lib/zlib/gzread.c
493 silly gunzTarPerm extractEntry src/lib/zlib/gzwrite.c
494 silly gunzTarPerm extractEntry src/lib/zlib/infback.c
495 silly gunzTarPerm extractEntry src/lib/zlib/adler32.c
496 silly gunzTarPerm extractEntry src/lib/zlib/inffast.h
497 silly gunzTarPerm extractEntry src/lib/zlib/inffixed.h
498 silly gunzTarPerm extractEntry src/lib/zlib/inflate.c
499 silly gunzTarPerm extractEntry src/lib/zlib/inflate.h
500 silly gunzTarPerm extractEntry src/lib/zlib/inftrees.c
501 silly gunzTarPerm extractEntry src/lib/zlib/inftrees.h
502 silly gunzTarPerm extractEntry src/lib/zlib/trees.c
503 silly gunzTarPerm extractEntry src/lib/zlib/trees.h
504 silly gunzTarPerm extractEntry src/lib/zlib/uncompr.c
505 silly gunzTarPerm extractEntry src/lib/zlib/zconf.h
506 silly gunzTarPerm extractEntry src/lib/zlib/zlib.h
507 silly gunzTarPerm extractEntry src/lib/zlib/zutil.c
508 silly gunzTarPerm extractEntry src/lib/zlib/inffast.c
509 silly gunzTarPerm extractEntry src/win/unistd.h
510 silly gunzTarPerm extractEntry binding.gyp
511 silly gentlyRm /home/voidpigeon/morteam-server-website/node_modules/.staging/lwip-6bb9d6a5/node_modules is being purged
512 verbose gentlyRm don't care about contents; nuking /home/voidpigeon/morteam-server-website/node_modules/.staging/lwip-6bb9d6a5/node_modules
513 silly doParallel preinstall 2
514 silly preinstall nan@2.0.9 /home/voidpigeon/morteam-server-website/node_modules/.staging/nan-ab020af2
515 info lifecycle nan@2.0.9~preinstall: nan@2.0.9
516 silly preinstall lwip@0.0.8 /home/voidpigeon/morteam-server-website/node_modules/.staging/lwip-6bb9d6a5
517 info lifecycle lwip@0.0.8~preinstall: lwip@0.0.8
518 silly lifecycle nan@2.0.9~preinstall: no script for preinstall, continuing
519 silly lifecycle lwip@0.0.8~preinstall: no script for preinstall, continuing
520 silly doReverseSerial remove 0
521 silly doSerial move 0
522 silly doSerial finalize 2
523 silly finalize /home/voidpigeon/morteam-server-website/node_modules/lwip/node_modules/nan
524 silly finalize /home/voidpigeon/morteam-server-website/node_modules/lwip
525 silly doSerial build 2
526 silly build nan@2.0.9
527 info linkStuff nan@2.0.9
528 silly linkStuff nan@2.0.9 has /home/voidpigeon/morteam-server-website/node_modules/lwip/node_modules as its parent node_modules
529 verbose linkBins nan@2.0.9
530 verbose linkMans nan@2.0.9
531 silly build lwip@0.0.8
532 info linkStuff lwip@0.0.8
533 silly linkStuff lwip@0.0.8 has /home/voidpigeon/morteam-server-website/node_modules as its parent node_modules
534 verbose linkBins lwip@0.0.8
535 verbose linkMans lwip@0.0.8
536 silly doSerial global-link 0
537 silly doParallel update-linked 0
538 silly doSerial install 2
539 silly install nan@2.0.9 /home/voidpigeon/morteam-server-website/node_modules/.staging/nan-ab020af2
540 info lifecycle nan@2.0.9~install: nan@2.0.9
541 silly lifecycle nan@2.0.9~install: no script for install, continuing
542 silly install lwip@0.0.8 /home/voidpigeon/morteam-server-website/node_modules/.staging/lwip-6bb9d6a5
543 info lifecycle lwip@0.0.8~install: lwip@0.0.8
544 verbose lifecycle lwip@0.0.8~install: unsafe-perm in lifecycle true
545 verbose lifecycle lwip@0.0.8~install: PATH: /usr/lib/node_modules/npm/bin/node-gyp-bin:/home/voidpigeon/morteam-server-website/node_modules/lwip/node_modules/.bin:/home/voidpigeon/morteam-server-website/node_modules/.bin:/usr/bin:/usr/local/sbin:/usr/local/bin:/usr/bin:/usr/bin/site_perl:/usr/bin/vendor_perl:/usr/bin/core_perl:/home/voidpigeon/.cabal/bin
546 verbose lifecycle lwip@0.0.8~install: CWD: /home/voidpigeon/morteam-server-website/node_modules/lwip
547 silly lifecycle lwip@0.0.8~install: Args: [ '-c', 'node-gyp rebuild' ]
548 silly lifecycle lwip@0.0.8~install: Returned: code: 1  signal: null
549 info lifecycle lwip@0.0.8~install: Failed to exec install script
550 verbose unlock done using /home/voidpigeon/.npm/_locks/staging-33491aa80f5c1ddb.lock for /home/voidpigeon/morteam-server-website/node_modules/.staging
551 silly rollbackFailedOptional Starting
552 silly rollbackFailedOptional Finishing
553 silly runTopLevelLifecycles Starting
554 silly runTopLevelLifecycles Finishing
555 silly install printInstalled
556 warn mongodb-core@1.2.31 requires a peer of kerberos@~0.0 but none was installed.
557 warn MorTeam@1.0.0-beta.4 No license field.
558 verbose stack Error: lwip@0.0.8 install: `node-gyp rebuild`
558 verbose stack Exit status 1
558 verbose stack     at EventEmitter.<anonymous> (/usr/lib/node_modules/npm/lib/utils/lifecycle.js:245:16)
558 verbose stack     at emitTwo (events.js:106:13)
558 verbose stack     at EventEmitter.emit (events.js:191:7)
558 verbose stack     at ChildProcess.<anonymous> (/usr/lib/node_modules/npm/lib/utils/spawn.js:24:14)
558 verbose stack     at emitTwo (events.js:106:13)
558 verbose stack     at ChildProcess.emit (events.js:191:7)
558 verbose stack     at maybeClose (internal/child_process.js:850:16)
558 verbose stack     at Process.ChildProcess._handle.onexit (internal/child_process.js:215:5)
559 verbose pkgid lwip@0.0.8
560 verbose cwd /home/voidpigeon/morteam-server-website
561 error Linux 4.5.4-1-ARCH
562 error argv "/usr/bin/node" "/usr/bin/npm" "install" "lwip"
563 error node v6.2.0
564 error npm  v3.9.2
565 error code ELIFECYCLE
566 error lwip@0.0.8 install: `node-gyp rebuild`
566 error Exit status 1
567 error Failed at the lwip@0.0.8 install script 'node-gyp rebuild'.
567 error Make sure you have the latest version of node.js and npm installed.
567 error If you do, this is most likely a problem with the lwip package,
567 error not with npm itself.
567 error Tell the author that this fails on your system:
567 error     node-gyp rebuild
567 error You can get information on how to open an issue for this project with:
567 error     npm bugs lwip
567 error Or if that isn't available, you can get their info via:
567 error     npm owner ls lwip
567 error There is likely additional logging output above.
568 verbose exit [ 1, true ]
